2022-03-05 22:45:14.876 [main] INFO  com.alibaba.otter.canal.deployer.CanalLauncher - ## set default uncaught exception handler
2022-03-05 22:45:14.937 [main] INFO  com.alibaba.otter.canal.deployer.CanalLauncher - ## load canal configurations
2022-03-05 22:45:15.792 [main] ERROR com.alibaba.otter.canal.deployer.CanalLauncher - ## Something goes wrong when starting up the canal Server:
com.alibaba.otter.canal.common.CanalException: load manager config failed.
Caused by: com.alibaba.otter.canal.common.CanalException: requestGet for canal config error: auth :admin is failed
2022-03-05 22:49:05.503 [main] INFO  com.alibaba.otter.canal.deployer.CanalLauncher - ## set default uncaught exception handler
2022-03-05 22:49:05.563 [main] INFO  com.alibaba.otter.canal.deployer.CanalLauncher - ## load canal configurations
2022-03-05 22:49:06.505 [main] ERROR com.alibaba.otter.canal.deployer.CanalLauncher - ## Something goes wrong when starting up the canal Server:
com.alibaba.otter.canal.common.CanalException: load manager config failed.
Caused by: com.alibaba.otter.canal.common.CanalException: requestGet for canal config error: auth :admin is failed
2022-03-05 22:51:39.899 [main] INFO  com.alibaba.otter.canal.deployer.CanalLauncher - ## set default uncaught exception handler
2022-03-05 22:51:39.961 [main] INFO  com.alibaba.otter.canal.deployer.CanalLauncher - ## load canal configurations
2022-03-05 22:51:41.215 [main] ERROR com.alibaba.otter.canal.deployer.CanalLauncher - ## Something goes wrong when starting up the canal Server:
com.alibaba.otter.canal.common.CanalException: load manager config failed.
Caused by: com.alibaba.otter.canal.common.CanalException: requestGet for canal config error: auth :admin is failed
2022-03-05 22:55:09.176 [main] INFO  com.alibaba.otter.canal.deployer.CanalLauncher - ## set default uncaught exception handler
2022-03-05 22:55:09.234 [main] INFO  com.alibaba.otter.canal.deployer.CanalLauncher - ## load canal configurations
2022-03-05 22:55:10.119 [main] ERROR com.alibaba.otter.canal.deployer.CanalLauncher - ## Something goes wrong when starting up the canal Server:
com.alibaba.otter.canal.common.CanalException: load manager config failed.
Caused by: com.alibaba.otter.canal.common.CanalException: requestGet for canal config error: auth :admin is failed
2022-03-05 22:57:35.742 [main] INFO  com.alibaba.otter.canal.deployer.CanalLauncher - ## set default uncaught exception handler
2022-03-05 22:57:35.889 [main] INFO  com.alibaba.otter.canal.deployer.CanalLauncher - ## load canal configurations
2022-03-05 22:57:37.310 [main] ERROR com.alibaba.otter.canal.deployer.CanalLauncher - ## Something goes wrong when starting up the canal Server:
com.alibaba.otter.canal.common.CanalException: load manager config failed.
Caused by: com.alibaba.otter.canal.common.CanalException: requestGet for canal config error: canal.properties config is empty
2022-03-05 22:59:58.808 [main] INFO  com.alibaba.otter.canal.deployer.CanalLauncher - ## set default uncaught exception handler
2022-03-05 22:59:58.871 [main] INFO  com.alibaba.otter.canal.deployer.CanalLauncher - ## load canal configurations
2022-03-05 22:59:59.708 [main] ERROR com.alibaba.otter.canal.deployer.CanalLauncher - ## Something goes wrong when starting up the canal Server:
com.alibaba.otter.canal.common.CanalException: load manager config failed.
Caused by: com.alibaba.otter.canal.common.CanalException: requestGet for canal config error: canal.properties config is empty
2022-03-05 23:05:37.409 [main] INFO  com.alibaba.otter.canal.deployer.CanalLauncher - ## set default uncaught exception handler
2022-03-05 23:05:37.573 [main] INFO  com.alibaba.otter.canal.deployer.CanalLauncher - ## load canal configurations
2022-03-05 23:05:39.289 [main] ERROR com.alibaba.otter.canal.deployer.CanalLauncher - ## Something goes wrong when starting up the canal Server:
com.alibaba.otter.canal.common.CanalException: load manager config failed.
Caused by: com.alibaba.otter.canal.common.CanalException: requestGet for canal config error: canal.properties config is empty
2022-03-05 23:08:08.770 [main] INFO  com.alibaba.otter.canal.deployer.CanalLauncher - ## set default uncaught exception handler
2022-03-05 23:08:08.899 [main] INFO  com.alibaba.otter.canal.deployer.CanalLauncher - ## load canal configurations
2022-03-05 23:08:10.250 [main] ERROR com.alibaba.otter.canal.deployer.CanalLauncher - ## Something goes wrong when starting up the canal Server:
java.lang.NullPointerException: null
	at com.alibaba.otter.canal.deployer.CanalStarter.start(CanalStarter.java:68) ~[canal.deployer-1.1.5.jar:na]
	at com.alibaba.otter.canal.deployer.CanalLauncher.main(CanalLauncher.java:117) ~[canal.deployer-1.1.5.jar:na]
2022-03-05 23:16:47.485 [main] INFO  com.alibaba.otter.canal.deployer.CanalLauncher - ## set default uncaught exception handler
2022-03-05 23:16:47.552 [main] INFO  com.alibaba.otter.canal.deployer.CanalLauncher - ## load canal configurations
2022-03-05 23:16:48.583 [main] ERROR com.alibaba.otter.canal.deployer.CanalLauncher - ## Something goes wrong when starting up the canal Server:
com.alibaba.otter.canal.common.CanalException: load manager config failed.
Caused by: java.lang.RuntimeException: requestGet remote error, request : http://canal-admin:8089/api/v1/config/server_polling?ip=172.28.0.10&port=11110&md5=&register=1&cluster=cluster&name=
	at com.alibaba.otter.canal.instance.manager.plain.HttpHelper.get(HttpHelper.java:100) ~[canal.instance.manager-1.1.5.jar:na]
	at com.alibaba.otter.canal.instance.manager.plain.PlainCanalConfigClient.doQuery(PlainCanalConfigClient.java:121) ~[canal.instance.manager-1.1.5.jar:na]
	at com.alibaba.otter.canal.instance.manager.plain.PlainCanalConfigClient.queryConfig(PlainCanalConfigClient.java:110) ~[canal.instance.manager-1.1.5.jar:na]
	at com.alibaba.otter.canal.instance.manager.plain.PlainCanalConfigClient.findServer(PlainCanalConfigClient.java:77) ~[canal.instance.manager-1.1.5.jar:na]
	at com.alibaba.otter.canal.deployer.CanalLauncher.main(CanalLauncher.java:71) ~[canal.deployer-1.1.5.jar:na]
Caused by: org.apache.http.conn.HttpHostConnectException: Connect to canal-admin:8089 [canal-admin/172.28.0.3] failed: Connection refused (Connection refused)
	at org.apache.http.impl.conn.DefaultHttpClientConnectionOperator.connect(DefaultHttpClientConnectionOperator.java:151) ~[httpclient-4.5.1.jar:4.5.1]
	at org.apache.http.impl.conn.PoolingHttpClientConnectionManager.connect(PoolingHttpClientConnectionManager.java:353) ~[httpclient-4.5.1.jar:4.5.1]
	at org.apache.http.impl.execchain.MainClientExec.establishRoute(MainClientExec.java:380) ~[httpclient-4.5.1.jar:4.5.1]
	at org.apache.http.impl.execchain.MainClientExec.execute(MainClientExec.java:236) ~[httpclient-4.5.1.jar:4.5.1]
	at org.apache.http.impl.execchain.ProtocolExec.execute(ProtocolExec.java:184) ~[httpclient-4.5.1.jar:4.5.1]
	at org.apache.http.impl.execchain.RetryExec.execute(RetryExec.java:88) ~[httpclient-4.5.1.jar:4.5.1]
	at org.apache.http.impl.execchain.RedirectExec.execute(RedirectExec.java:110) ~[httpclient-4.5.1.jar:4.5.1]
	at org.apache.http.impl.client.InternalHttpClient.doExecute(InternalHttpClient.java:184) ~[httpclient-4.5.1.jar:4.5.1]
	at org.apache.http.impl.client.CloseableHttpClient.execute(CloseableHttpClient.java:82) ~[httpclient-4.5.1.jar:4.5.1]
	at com.alibaba.otter.canal.instance.manager.plain.HttpHelper.get(HttpHelper.java:90) ~[canal.instance.manager-1.1.5.jar:na]
	... 4 common frames omitted
Caused by: java.net.ConnectException: Connection refused (Connection refused)
	at java.net.PlainSocketImpl.socketConnect(Native Method) ~[na:1.8.0_181]
	at java.net.AbstractPlainSocketImpl.doConnect(AbstractPlainSocketImpl.java:350) ~[na:1.8.0_181]
	at java.net.AbstractPlainSocketImpl.connectToAddress(AbstractPlainSocketImpl.java:206) ~[na:1.8.0_181]
	at java.net.AbstractPlainSocketImpl.connect(AbstractPlainSocketImpl.java:188) ~[na:1.8.0_181]
	at java.net.SocksSocketImpl.connect(SocksSocketImpl.java:392) ~[na:1.8.0_181]
	at java.net.Socket.connect(Socket.java:589) ~[na:1.8.0_181]
	at org.apache.http.conn.socket.PlainConnectionSocketFactory.connectSocket(PlainConnectionSocketFactory.java:74) ~[httpclient-4.5.1.jar:4.5.1]
	at org.apache.http.impl.conn.DefaultHttpClientConnectionOperator.connect(DefaultHttpClientConnectionOperator.java:134) ~[httpclient-4.5.1.jar:4.5.1]
	... 13 common frames omitted
2022-03-05 23:30:36.985 [main] INFO  com.alibaba.otter.canal.deployer.CanalLauncher - ## set default uncaught exception handler
2022-03-05 23:30:37.025 [main] INFO  com.alibaba.otter.canal.deployer.CanalLauncher - ## load canal configurations
2022-03-05 23:30:37.552 [main] ERROR com.alibaba.otter.canal.deployer.CanalLauncher - ## Something goes wrong when starting up the canal Server:
com.alibaba.otter.canal.common.CanalException: load manager config failed.
Caused by: com.alibaba.otter.canal.common.CanalException: requestGet for canal config error: auth :admin is failed
2022-03-05 23:31:59.947 [main] INFO  com.alibaba.otter.canal.deployer.CanalLauncher - ## set default uncaught exception handler
2022-03-05 23:31:59.989 [main] INFO  com.alibaba.otter.canal.deployer.CanalLauncher - ## load canal configurations
2022-03-05 23:32:00.767 [main] ERROR com.alibaba.otter.canal.deployer.CanalLauncher - ## Something goes wrong when starting up the canal Server:
com.alibaba.otter.canal.common.CanalException: load manager config failed.
Caused by: com.alibaba.otter.canal.common.CanalException: requestGet for canal config error: auth :admin is failed
2022-03-05 23:39:21.661 [main] INFO  com.alibaba.otter.canal.deployer.CanalLauncher - ## set default uncaught exception handler
2022-03-05 23:39:21.789 [main] INFO  com.alibaba.otter.canal.deployer.CanalLauncher - ## load canal configurations
2022-03-05 23:39:22.990 [main] ERROR com.alibaba.otter.canal.deployer.CanalLauncher - ## Something goes wrong when starting up the canal Server:
com.alibaba.otter.canal.common.CanalException: load manager config failed.
Caused by: com.alibaba.otter.canal.common.CanalException: requestGet for canal config error: auth :admin is failed
2022-03-05 23:40:41.550 [main] INFO  com.alibaba.otter.canal.deployer.CanalLauncher - ## set default uncaught exception handler
2022-03-05 23:40:41.625 [main] INFO  com.alibaba.otter.canal.deployer.CanalLauncher - ## load canal configurations
2022-03-05 23:40:42.748 [main] ERROR com.alibaba.otter.canal.deployer.CanalLauncher - ## Something goes wrong when starting up the canal Server:
com.alibaba.otter.canal.common.CanalException: load manager config failed.
Caused by: com.alibaba.otter.canal.common.CanalException: requestGet for canal config error: auth :admin is failed
